C:\Program Files\Microsoft Visual Studio\2022\Community\MSBuild\Microsoft\VC\v170\Microsoft.CppBuild.targets(1118,5): warning MSB8027: Two or more files with the name of multithreading.cpp will produce outputs to the same location. This can lead to an incorrect build result.  The files involved are Helpers\multithreading.cpp, Samples\0_Introduction\simpleCallback\multithreading.cpp, Samples\5_Domain_Specific\MonteCarloMultiGPU\multithreading.cpp.
C:\Program Files\Microsoft Visual Studio\2022\Community\MSBuild\Microsoft\VC\v170\Microsoft.CppBuild.targets(1118,5): warning MSB8027: Two or more files with the name of main.cpp will produce outputs to the same location. This can lead to an incorrect build result.  The files involved are Samples\0_Introduction\cppIntegration\main.cpp, Samples\0_Introduction\mergeSort\main.cpp, Samples\0_Introduction\simpleCUDA2GL\main.cpp, Samples\2_Concepts_and_Techniques\convolutionSeparable\main.cpp, Samples\2_Concepts_and_Techniques\convolutionTexture\main.cpp, Samples\2_Concepts_and_Techniques\EGLStream_CUDA_CrossGPU\main.cpp, Samples\2_Concepts_and_Techniques\EGLStream_CUDA_Interop\main.cpp, Samples\2_Concepts_and_Techniques\histogram\main.cpp, Samples\2_Concepts_and_Techniques\MC_EstimatePiInlineP\src\main.cpp, Samples\2_Concepts_and_Techniques\MC_EstimatePiInlineQ\src\main.cpp, Samples\2_Concepts_and_Techniques\MC_EstimatePiP\src\main.cpp, Samples\2_Concepts_and_Techniques\MC_EstimatePiQ\src\main.cpp, Samples\2_Concepts_and_Techniques\MC_SingleAsianOptionP\src\main.cpp, Samples\2_Concepts_and_Techniques\scan\main.cpp, Samples\2_Concepts_and_Techniques\sortingNetworks\main.cpp, Samples\3_CUDA_Features\jacobiCudaGraphs\main.cpp, Samples\4_CUDA_Libraries\conjugateGradientPrecond\main.cpp, Samples\4_CUDA_Libraries\conjugateGradientUM\main.cpp, Samples\4_CUDA_Libraries\conjugateGradient\main.cpp, Samples\4_CUDA_Libraries\cudaNvSciNvMedia\main.cpp, Samples\4_CUDA_Libraries\cudaNvSci\main.cpp, Samples\4_CUDA_Libraries\cuDLAStandaloneMode\main.cpp, Samples\5_Domain_Specific\convolutionFFT2D\main.cpp, Samples\5_Domain_Specific\HSOpticalFlow\main.cpp, Samples\5_Domain_Specific\postProcessGL\main.cpp, Samples\5_Domain_Specific\simpleD3D12\Main.cpp, Samples\5_Domain_Specific\simpleVulkanMMAP\main.cpp, Samples\5_Domain_Specific\simpleVulkan\main.cpp.
C:\Program Files\Microsoft Visual Studio\2022\Community\MSBuild\Microsoft\VC\v170\Microsoft.CppBuild.targets(1118,5): warning MSB8027: Two or more files with the name of simpleAtomicIntrinsics_cpu.cpp will produce outputs to the same location. This can lead to an incorrect build result.  The files involved are Samples\0_Introduction\simpleAtomicIntrinsics\simpleAtomicIntrinsics_cpu.cpp, Samples\0_Introduction\simpleAtomicIntrinsics_nvrtc\simpleAtomicIntrinsics_cpu.cpp.
C:\Program Files\Microsoft Visual Studio\2022\Community\MSBuild\Microsoft\VC\v170\Microsoft.CppBuild.targets(1118,5): warning MSB8027: Two or more files with the name of cuda_consumer.cpp will produce outputs to the same location. This can lead to an incorrect build result.  The files involved are Samples\2_Concepts_and_Techniques\EGLStream_CUDA_CrossGPU\cuda_consumer.cpp, Samples\2_Concepts_and_Techniques\EGLStream_CUDA_Interop\cuda_consumer.cpp.
C:\Program Files\Microsoft Visual Studio\2022\Community\MSBuild\Microsoft\VC\v170\Microsoft.CppBuild.targets(1118,5): warning MSB8027: Two or more files with the name of cuda_producer.cpp will produce outputs to the same location. This can lead to an incorrect build result.  The files involved are Samples\2_Concepts_and_Techniques\EGLStream_CUDA_CrossGPU\cuda_producer.cpp, Samples\2_Concepts_and_Techniques\EGLStream_CUDA_Interop\cuda_producer.cpp.
C:\Program Files\Microsoft Visual Studio\2022\Community\MSBuild\Microsoft\VC\v170\Microsoft.CppBuild.targets(1118,5): warning MSB8027: Two or more files with the name of eglstrm_common.cpp will produce outputs to the same location. This can lead to an incorrect build result.  The files involved are Samples\2_Concepts_and_Techniques\EGLStream_CUDA_CrossGPU\eglstrm_common.cpp, Samples\2_Concepts_and_Techniques\EGLStream_CUDA_Interop\eglstrm_common.cpp.
C:\Program Files\Microsoft Visual Studio\2022\Community\MSBuild\Microsoft\VC\v170\Microsoft.CppBuild.targets(1118,5): warning MSB8027: Two or more files with the name of bmploader.cpp will produce outputs to the same location. This can lead to an incorrect build result.  The files involved are Samples\2_Concepts_and_Techniques\imageDenoising\bmploader.cpp, Samples\5_Domain_Specific\bilateralFilter\bmploader.cpp.
C:\Program Files\Microsoft Visual Studio\2022\Community\MSBuild\Microsoft\VC\v170\Microsoft.CppBuild.targets(1118,5): warning MSB8027: Two or more files with the name of test.cpp will produce outputs to the same location. This can lead to an incorrect build result.  The files involved are Samples\2_Concepts_and_Techniques\MC_EstimatePiInlineP\src\test.cpp, Samples\2_Concepts_and_Techniques\MC_EstimatePiInlineQ\src\test.cpp, Samples\2_Concepts_and_Techniques\MC_EstimatePiP\src\test.cpp, Samples\2_Concepts_and_Techniques\MC_EstimatePiQ\src\test.cpp, Samples\2_Concepts_and_Techniques\MC_SingleAsianOptionP\src\test.cpp.
C:\Program Files\Microsoft Visual Studio\2022\Community\MSBuild\Microsoft\VC\v170\Microsoft.CppBuild.targets(1118,5): warning MSB8027: Two or more files with the name of particleSystem.cpp will produce outputs to the same location. This can lead to an incorrect build result.  The files involved are Samples\2_Concepts_and_Techniques\particles\particleSystem.cpp, Samples\5_Domain_Specific\smokeParticles\ParticleSystem.cpp.
C:\Program Files\Microsoft Visual Studio\2022\Community\MSBuild\Microsoft\VC\v170\Microsoft.CppBuild.targets(1118,5): warning MSB8027: Two or more files with the name of render_particles.cpp will produce outputs to the same location. This can lead to an incorrect build result.  The files involved are Samples\2_Concepts_and_Techniques\particles\render_particles.cpp, Samples\5_Domain_Specific\nbody\render_particles.cpp, Samples\5_Domain_Specific\nbody_opengles\render_particles.cpp, Samples\5_Domain_Specific\nbody_screen\render_particles.cpp.
C:\Program Files\Microsoft Visual Studio\2022\Community\MSBuild\Microsoft\VC\v170\Microsoft.CppBuild.targets(1118,5): warning MSB8027: Two or more files with the name of mmio.c will produce outputs to the same location. This can lead to an incorrect build result.  The files involved are Samples\4_CUDA_Libraries\cuSolverDn_LinearSolver\mmio.c, Samples\4_CUDA_Libraries\cuSolverRf\mmio.c, Samples\4_CUDA_Libraries\cuSolverSp_LinearSolver\mmio.c, Samples\4_CUDA_Libraries\cuSolverSp_LowlevelCholesky\mmio.c, Samples\4_CUDA_Libraries\cuSolverSp_LowlevelQR\mmio.c.
C:\Program Files\Microsoft Visual Studio\2022\Community\MSBuild\Microsoft\VC\v170\Microsoft.CppBuild.targets(1118,5): warning MSB8027: Two or more files with the name of mmio_wrapper.cpp will produce outputs to the same location. This can lead to an incorrect build result.  The files involved are Samples\4_CUDA_Libraries\cuSolverDn_LinearSolver\mmio_wrapper.cpp, Samples\4_CUDA_Libraries\cuSolverRf\mmio_wrapper.cpp, Samples\4_CUDA_Libraries\cuSolverSp_LinearSolver\mmio_wrapper.cpp, Samples\4_CUDA_Libraries\cuSolverSp_LowlevelCholesky\mmio_wrapper.cpp, Samples\4_CUDA_Libraries\cuSolverSp_LowlevelQR\mmio_wrapper.cpp.
C:\Program Files\Microsoft Visual Studio\2022\Community\MSBuild\Microsoft\VC\v170\Microsoft.CppBuild.targets(1118,5): warning MSB8027: Two or more files with the name of binomialOptions.cpp will produce outputs to the same location. This can lead to an incorrect build result.  The files involved are Samples\5_Domain_Specific\binomialOptions\binomialOptions.cpp, Samples\5_Domain_Specific\binomialOptions_nvrtc\binomialOptions.cpp.
C:\Program Files\Microsoft Visual Studio\2022\Community\MSBuild\Microsoft\VC\v170\Microsoft.CppBuild.targets(1118,5): warning MSB8027: Two or more files with the name of binomialOptions_gold.cpp will produce outputs to the same location. This can lead to an incorrect build result.  The files involved are Samples\5_Domain_Specific\binomialOptions\binomialOptions_gold.cpp, Samples\5_Domain_Specific\binomialOptions_nvrtc\binomialOptions_gold.cpp.
C:\Program Files\Microsoft Visual Studio\2022\Community\MSBuild\Microsoft\VC\v170\Microsoft.CppBuild.targets(1118,5): warning MSB8027: Two or more files with the name of BlackScholes_gold.cpp will produce outputs to the same location. This can lead to an incorrect build result.  The files involved are Samples\5_Domain_Specific\BlackScholes\BlackScholes_gold.cpp, Samples\5_Domain_Specific\BlackScholes_nvrtc\BlackScholes_gold.cpp.
C:\Program Files\Microsoft Visual Studio\2022\Community\MSBuild\Microsoft\VC\v170\Microsoft.CppBuild.targets(1118,5): warning MSB8027: Two or more files with the name of quasirandomGenerator.cpp will produce outputs to the same location. This can lead to an incorrect build result.  The files involved are Samples\5_Domain_Specific\quasirandomGenerator\quasirandomGenerator.cpp, Samples\5_Domain_Specific\quasirandomGenerator_nvrtc\quasirandomGenerator.cpp.
C:\Program Files\Microsoft Visual Studio\2022\Community\MSBuild\Microsoft\VC\v170\Microsoft.CppBuild.targets(1118,5): warning MSB8027: Two or more files with the name of quasirandomGenerator_gold.cpp will produce outputs to the same location. This can lead to an incorrect build result.  The files involved are Samples\5_Domain_Specific\quasirandomGenerator\quasirandomGenerator_gold.cpp, Samples\5_Domain_Specific\quasirandomGenerator_nvrtc\quasirandomGenerator_gold.cpp.
C:\Program Files\Microsoft Visual Studio\2022\Community\MSBuild\Microsoft\VC\v170\Microsoft.CppBuild.targets(1118,5): warning MSB8027: Two or more files with the name of graphics_interface.c will produce outputs to the same location. This can lead to an incorrect build result.  The files involved are Samples\5_Domain_Specific\simpleGLES\graphics_interface.c, Samples\5_Domain_Specific\simpleGLES_screen\graphics_interface.c.
C:\Program Files\Microsoft Visual Studio\2022\Community\MSBuild\Microsoft\VC\v170\Microsoft.CppBuild.targets(1118,5): warning MSB8027: Two or more files with the name of VulkanBaseApp.cpp will produce outputs to the same location. This can lead to an incorrect build result.  The files involved are Samples\5_Domain_Specific\simpleVulkanMMAP\VulkanBaseApp.cpp, Samples\5_Domain_Specific\simpleVulkan\VulkanBaseApp.cpp.
  helper_multiprocess.cpp
  multithreading.cpp
C:\Users\yoavo\Documents\GitHub\Cudheart\Cudheart\Helpers\multithreading.cpp(28,10): fatal error C1083: Cannot open include file: 'multithreading.h': No such file or directory
  rendercheck_d3d10.cpp
C:\Users\yoavo\Documents\GitHub\Cudheart\Cudheart\Helpers\rendercheck_d3d10.cpp(42,10): fatal error C1083: Cannot open include file: 'helper_functions.h': No such file or directory
  rendercheck_d3d11.cpp
C:\Users\yoavo\Documents\GitHub\Cudheart\Cudheart\Helpers\rendercheck_d3d11.cpp(41,10): fatal error C1083: Cannot open include file: 'helper_functions.h': No such file or directory
  rendercheck_d3d9.cpp
C:\Users\yoavo\Documents\GitHub\Cudheart\Cudheart\Helpers\rendercheck_d3d9.cpp(42,10): fatal error C1083: Cannot open include file: 'helper_functions.h': No such file or directory
  clock.cpp
C:\Users\yoavo\Documents\GitHub\Cudheart\Cudheart\Samples\0_Introduction\clock_nvrtc\clock.cpp(42,10): fatal error C1083: Cannot open include file: 'nvrtc_helper.h': No such file or directory
  cppIntegration_gold.cpp
  main.cpp
C:\Users\yoavo\Documents\GitHub\Cudheart\Cudheart\Samples\0_Introduction\cppIntegration\main.cpp(42,10): fatal error C1083: Cannot open include file: 'helper_cuda.h': No such file or directory
  matrixMulDrv.cpp
C:\Users\yoavo\Documents\GitHub\Cudheart\Cudheart\Samples\0_Introduction\matrixMulDrv\matrixMulDrv.cpp(58,10): fatal error C1083: Cannot open include file: 'helper_cuda_drvapi.h': No such file or directory
  matrixMulDynlinkJIT.cpp
C:\Users\yoavo\Documents\GitHub\Cudheart\Cudheart\Samples\0_Introduction\matrixMulDynlinkJIT\helper_cuda_drvapi.h(21,10): fatal error C1083: Cannot open include file: 'helper_string.h': No such file or directory
  matrixMul_gold.cpp
  matrixMul.cpp
C:\Users\yoavo\Documents\GitHub\Cudheart\Cudheart\Samples\0_Introduction\matrixMul_nvrtc\matrixMul.cpp(50,10): fatal error C1083: Cannot open include file: 'nvrtc_helper.h': No such file or directory
  main.cpp
C:\Users\yoavo\Documents\GitHub\Cudheart\Cudheart\Samples\0_Introduction\mergeSort\main.cpp(32,10): fatal error C1083: Cannot open include file: 'helper_functions.h': No such file or directory
  mergeSort_host.cpp
  mergeSort_validate.cpp
  simpleAssert.cpp
C:\Users\yoavo\Documents\GitHub\Cudheart\Cudheart\Samples\0_Introduction\simpleAssert_nvrtc\simpleAssert.cpp(42,10): fatal error C1083: Cannot open include file: 'nvrtc_helper.h': No such file or directory
  simpleAtomicIntrinsics_cpu.cpp
  simpleAtomicIntrinsics.cpp
C:\Users\yoavo\Documents\GitHub\Cudheart\Cudheart\Samples\0_Introduction\simpleAtomicIntrinsics_nvrtc\simpleAtomicIntrinsics.cpp(46,10): fatal error C1083: Cannot open include file: 'nvrtc_helper.h': No such file or directory
  simpleAtomicIntrinsics_cpu.cpp
  multithreading.cpp
  Generating Code...
  Compiling...
  main.cpp
C:\Users\yoavo\Documents\GitHub\Cudheart\Cudheart\Samples\0_Introduction\simpleCUDA2GL\main.cpp(41,10): fatal error C1083: Cannot open include file: 'helper_gl.h': No such file or directory
  simpleDrvRuntime.cpp
C:\Users\yoavo\Documents\GitHub\Cudheart\Cudheart\Samples\0_Introduction\simpleDrvRuntime\simpleDrvRuntime.cpp(44,10): fatal error C1083: Cannot open include file: 'helper_cuda.h': No such file or directory
  simpleMPI.cpp
C:\Users\yoavo\Documents\GitHub\Cudheart\Cudheart\Samples\0_Introduction\simpleMPI\simpleMPI.cpp(40,10): fatal error C1083: Cannot open include file: 'mpi.h': No such file or directory
  simpleTemplates.cpp
C:\Users\yoavo\Documents\GitHub\Cudheart\Cudheart\Samples\0_Introduction\simpleTemplates_nvrtc\simpleTemplates.cpp(44,10): fatal error C1083: Cannot open include file: 'helper_functions.h': No such file or directory
  simpleTexture3D.cpp
C:\Users\yoavo\Documents\GitHub\Cudheart\Cudheart\Samples\0_Introduction\simpleTexture3D\simpleTexture3D.cpp(39,10): fatal error C1083: Cannot open include file: 'helper_gl.h': No such file or directory
  simpleTextureDrv.cpp
C:\Users\yoavo\Documents\GitHub\Cudheart\Cudheart\Samples\0_Introduction\simpleTextureDrv\simpleTextureDrv.cpp(53,10): fatal error C1083: Cannot open include file: 'helper_cuda_drvapi.h': No such file or directory
  simpleVoteIntrinsics.cpp
C:\Users\yoavo\Documents\GitHub\Cudheart\Cudheart\Samples\0_Introduction\simpleVoteIntrinsics_nvrtc\simpleVoteIntrinsics.cpp(34,10): fatal error C1083: Cannot open include file: 'nvrtc_helper.h': No such file or directory
  template_cpu.cpp
  vectorAddDrv.cpp
C:\Users\yoavo\Documents\GitHub\Cudheart\Cudheart\Samples\0_Introduction\vectorAddDrv\vectorAddDrv.cpp(44,10): fatal error C1083: Cannot open include file: 'helper_cuda_drvapi.h': No such file or directory
  multidevicealloc_memmap.cpp
  vectorAddMMAP.cpp
C:\Users\yoavo\Documents\GitHub\Cudheart\Cudheart\Samples\0_Introduction\vectorAddMMAP\vectorAddMMAP.cpp(46,10): fatal error C1083: Cannot open include file: 'helper_cuda_drvapi.h': No such file or directory
  vectorAdd.cpp
C:\Users\yoavo\Documents\GitHub\Cudheart\Cudheart\Samples\0_Introduction\vectorAdd_nvrtc\vectorAdd.cpp(44,10): fatal error C1083: Cannot open include file: 'helper_functions.h': No such file or directory
  deviceQueryDrv.cpp
C:\Users\yoavo\Documents\GitHub\Cudheart\Cudheart\Samples\1_Utilities\deviceQueryDrv\deviceQueryDrv.cpp(38,10): fatal error C1083: Cannot open include file: 'helper_cuda_drvapi.h': No such file or directory
  deviceQuery.cpp
C:\Users\yoavo\Documents\GitHub\Cudheart\Cudheart\Samples\1_Utilities\deviceQuery\deviceQuery.cpp(34,10): fatal error C1083: Cannot open include file: 'helper_cuda.h': No such file or directory
  boxFilter.cpp
C:\Users\yoavo\Documents\GitHub\Cudheart\Cudheart\Samples\2_Concepts_and_Techniques\boxFilter\boxFilter.cpp(45,10): fatal error C1083: Cannot open include file: 'helper_gl.h': No such file or directory
  boxFilter_cpu.cpp
  convolutionSeparable_gold.cpp
  main.cpp
C:\Users\yoavo\Documents\GitHub\Cudheart\Cudheart\Samples\2_Concepts_and_Techniques\convolutionSeparable\main.cpp(37,10): fatal error C1083: Cannot open include file: 'helper_functions.h': No such file or directory
  convolutionTexture_gold.cpp
  main.cpp
C:\Users\yoavo\Documents\GitHub\Cudheart\Cudheart\Samples\2_Concepts_and_Techniques\convolutionTexture\main.cpp(42,10): fatal error C1083: Cannot open include file: 'helper_functions.h': No such file or directory
  Generating Code...
  Compiling...
  cuHook.cpp
C:\Users\yoavo\Documents\GitHub\Cudheart\Cudheart\Samples\2_Concepts_and_Techniques\cuHook\cuHook.cpp(33,10): fatal error C1083: Cannot open include file: 'dlfcn.h': No such file or directory
  libcuhook.cpp
C:\Users\yoavo\Documents\GitHub\Cudheart\Cudheart\Samples\2_Concepts_and_Techniques\cuHook\libcuhook.cpp(31,10): fatal error C1083: Cannot open include file: 'dlfcn.h': No such file or directory
  BmpUtil.cpp
C:\Users\yoavo\Documents\GitHub\Cudheart\Cudheart\Samples\2_Concepts_and_Techniques\dct8x8\Common.h(43,10): fatal error C1083: Cannot open include file: 'helper_cuda.h': No such file or directory
  DCT8x8_Gold.cpp
C:\Users\yoavo\Documents\GitHub\Cudheart\Cudheart\Samples\2_Concepts_and_Techniques\dct8x8\Common.h(43,10): fatal error C1083: Cannot open include file: 'helper_cuda.h': No such file or directory
  cuda_consumer.cpp
C:\Users\yoavo\Documents\GitHub\Cudheart\Cudheart\Samples\2_Concepts_and_Techniques\EGLStream_CUDA_CrossGPU\cuda_consumer.h(38,10): fatal error C1083: Cannot open include file: 'cudaEGL.h': No such file or directory
  cuda_producer.cpp
C:\Users\yoavo\Documents\GitHub\Cudheart\Cudheart\Helpers\lib\x64\freeglut.lib(1,2): error C2059: syntax error: '<'
C:\Users\yoavo\Documents\GitHub\Cudheart\Cudheart\Helpers\lib\x64\freeglut.lib(2,59): error C2018: unknown character '0x60'
C:\Users\yoavo\Documents\GitHub\Cudheart\Cudheart\Helpers\lib\x64\freeglut.lib(3,3): error C2018: unknown character '0x1'
C:\Users\yoavo\Documents\GitHub\Cudheart\Cudheart\Helpers\lib\x64\freeglut.lib(3,18): error C2018: unknown character '0x10'
C:\Users\yoavo\Documents\GitHub\Cudheart\Cudheart\Helpers\lib\x64\freeglut.lib(3,21): error C3872: '0x2013': this character is not allowed in an identifier
C:\Users\yoavo\Documents\GitHub\Cudheart\Cudheart\Helpers\lib\x64\freeglut.lib(3,21): error C4430: missing type specifier - int assumed. Note: C++ does not support default-int
C:\Users\yoavo\Documents\GitHub\Cudheart\Cudheart\Helpers\lib\x64\freeglut.lib(3,21): error C2065: 'S–S–V': undeclared identifier
C:\Users\yoavo\Documents\GitHub\Cudheart\Cudheart\Helpers\lib\x64\freeglut.lib(3,37): error C2065: 'V': undeclared identifier
C:\Users\yoavo\Documents\GitHub\Cudheart\Cudheart\Helpers\lib\x64\freeglut.lib(3,41): error C3872: '0xb0': this character is not allowed in an identifier
C:\Users\yoavo\Documents\GitHub\Cudheart\Cudheart\Helpers\lib\x64\freeglut.lib(3,41): error C3872: '0xb6': this character is not allowed in an identifier
C:\Users\yoavo\Documents\GitHub\Cudheart\Cudheart\Helpers\lib\x64\freeglut.lib(3,41): error C2065: 'V°V°UVUVUÈUÈY¶Y¶Z': undeclared identifier
C:\Users\yoavo\Documents\GitHub\Cudheart\Cudheart\Helpers\lib\x64\freeglut.lib(3,87): error C3872: '0x24': this character is not allowed in an identifier
C:\Users\yoavo\Documents\GitHub\Cudheart\Cudheart\Helpers\lib\x64\freeglut.lib(3,87): error C3872: '0x201d': this character is not allowed in an identifier
C:\Users\yoavo\Documents\GitHub\Cudheart\Cudheart\Helpers\lib\x64\freeglut.lib(3,83): error C2146: syntax error: missing ';' before identifier 'Z'
C:\Users\yoavo\Documents\GitHub\Cudheart\Cudheart\Helpers\lib\x64\freeglut.lib(3,193): error C3872: '0x201a': this character is not allowed in an identifier
C:\Users\yoavo\Documents\GitHub\Cudheart\Cudheart\Helpers\lib\x64\freeglut.lib(3,223): error C2018: unknown character '0x60'
C:\Users\yoavo\Documents\GitHub\Cudheart\Cudheart\Helpers\lib\x64\freeglut.lib(3,228): error C2018: unknown character '0x60'
C:\Users\yoavo\Documents\GitHub\Cudheart\Cudheart\Helpers\lib\x64\freeglut.lib(3,234): error C2018: unknown character '0x12'
C:\Users\yoavo\Documents\GitHub\Cudheart\Cudheart\Helpers\lib\x64\freeglut.lib(3,238): error C2018: unknown character '0x12'
C:\Users\yoavo\Documents\GitHub\Cudheart\Cudheart\Helpers\lib\x64\freeglut.lib(3,251): error C2018: unknown character '0x60'
C:\Users\yoavo\Documents\GitHub\Cudheart\Cudheart\Helpers\lib\x64\freeglut.lib(3,255): error C2018: unknown character '0x60'
C:\Users\yoavo\Documents\GitHub\Cudheart\Cudheart\Helpers\lib\x64\freeglut.lib(3,268): error C2018: unknown character '0x18'
C:\Users\yoavo\Documents\GitHub\Cudheart\Cudheart\Helpers\lib\x64\freeglut.lib(3,272): error C2018: unknown character '0x18'
C:\Users\yoavo\Documents\GitHub\Cudheart\Cudheart\Helpers\lib\x64\freeglut.lib(3,301): error C3872: '0xa2': this character is not allowed in an identifier
C:\Users\yoavo\Documents\GitHub\Cudheart\Cudheart\Helpers\lib\x64\freeglut.lib(3,342): error C2018: unknown character '0x14'
C:\Users\yoavo\Documents\GitHub\Cudheart\Cudheart\Helpers\lib\x64\freeglut.lib(3,346): error C2018: unknown character '0x14'
C:\Users\yoavo\Documents\GitHub\Cudheart\Cudheart\Helpers\lib\x64\freeglut.lib(3,349): error C3872: '0xb6': this character is not allowed in an identifier
C:\Users\yoavo\Documents\GitHub\Cudheart\Cudheart\Helpers\lib\x64\freeglut.lib(3,384): error C2018: unknown character '0x10'
C:\Users\yoavo\Documents\GitHub\Cudheart\Cudheart\Helpers\lib\x64\freeglut.lib(3,388): error C2018: unknown character '0x10'
C:\Users\yoavo\Documents\GitHub\Cudheart\Cudheart\Helpers\lib\x64\freeglut.lib(3,419): error C2018: unknown character '0x40'
C:\Users\yoavo\Documents\GitHub\Cudheart\Cudheart\Helpers\lib\x64\freeglut.lib(3,420): error C2059: syntax error: 'bad suffix on number'
C:\Users\yoavo\Documents\GitHub\Cudheart\Cudheart\Helpers\lib\x64\freeglut.lib(3,423): error C2018: unknown character '0x40'
C:\Users\yoavo\Documents\GitHub\Cudheart\Cudheart\Helpers\lib\x64\freeglut.lib(3,424): error C2059: syntax error: 'bad suffix on number'
C:\Users\yoavo\Documents\GitHub\Cudheart\Cudheart\Helpers\lib\x64\freeglut.lib(3,438): error C2018: unknown character '0x1e'
C:\Users\yoavo\Documents\GitHub\Cudheart\Cudheart\Helpers\lib\x64\freeglut.lib(3,442): error C2018: unknown character '0x1e'
C:\Users\yoavo\Documents\GitHub\Cudheart\Cudheart\Helpers\lib\x64\freeglut.lib(3,453): error C2018: unknown character '0x40'
C:\Users\yoavo\Documents\GitHub\Cudheart\Cudheart\Helpers\lib\x64\freeglut.lib(3,454): error C3873: '0xa4': this character is not allowed as a first character of an identifier
C:\Users\yoavo\Documents\GitHub\Cudheart\Cudheart\Helpers\lib\x64\freeglut.lib(3,458): error C2018: unknown character '0x40'
C:\Users\yoavo\Documents\GitHub\Cudheart\Cudheart\Helpers\lib\x64\freeglut.lib(3,459): error C3873: '0xa4': this character is not allowed as a first character of an identifier
C:\Users\yoavo\Documents\GitHub\Cudheart\Cudheart\Helpers\lib\x64\freeglut.lib(3,459): error C3872: '0x201d': this character is not allowed in an identifier
C:\Users\yoavo\Documents\GitHub\Cudheart\Cudheart\Helpers\lib\x64\freeglut.lib(3,545): error C2017: illegal escape sequence
C:\Users\yoavo\Documents\GitHub\Cudheart\Cudheart\Helpers\lib\x64\freeglut.lib(3,549): error C2017: illegal escape sequence
C:\Users\yoavo\Documents\GitHub\Cudheart\Cudheart\Helpers\lib\x64\freeglut.lib(3,553): error C2017: illegal escape sequence
C:\Users\yoavo\Documents\GitHub\Cudheart\Cudheart\Helpers\lib\x64\freeglut.lib(3,558): error C2017: illegal escape sequence
C:\Users\yoavo\Documents\GitHub\Cudheart\Cudheart\Helpers\lib\x64\freeglut.lib(3,579): error C3872: '0xb6': this character is not allowed in an identifier
C:\Users\yoavo\Documents\GitHub\Cudheart\Cudheart\Helpers\lib\x64\freeglut.lib(3,579): error C3872: '0x90': this character is not allowed in an identifier
C:\Users\yoavo\Documents\GitHub\Cudheart\Cudheart\Helpers\lib\x64\freeglut.lib(5,12): error C2018: unknown character '0x2'
C:\Users\yoavo\Documents\GitHub\Cudheart\Cudheart\Helpers\lib\x64\freeglut.lib(5,16): error C2018: unknown character '0x2'
C:\Users\yoavo\Documents\GitHub\Cudheart\Cudheart\Helpers\lib\x64\freeglut.lib(5,19): error C3750: '[': unexpected token in attribute specifier
C:\Users\yoavo\Documents\GitHub\Cudheart\Cudheart\Helpers\lib\x64\freeglut.lib(5,23): error C3750: '[': unexpected token in attribute specifier
C:\Users\yoavo\Documents\GitHub\Cudheart\Cudheart\Helpers\lib\x64\freeglut.lib(5,24): error C3872: '0x90': this character is not allowed in an identifier
C:\Users\yoavo\Documents\GitHub\Cudheart\Cudheart\Helpers\lib\x64\freeglut.lib(5,38): error C3750: ']': unexpected token in attribute specifier
C:\Users\yoavo\Documents\GitHub\Cudheart\Cudheart\Helpers\lib\x64\freeglut.lib(5,38): error C3750: '*': unexpected token in attribute specifier
C:\Users\yoavo\Documents\GitHub\Cudheart\Cudheart\Helpers\lib\x64\freeglut.lib(5,42): error C3750: ']': unexpected token in attribute specifier
C:\Users\yoavo\Documents\GitHub\Cudheart\Cudheart\Helpers\lib\x64\freeglut.lib(5,42): error C3750: '*': unexpected token in attribute specifier
C:\Users\yoavo\Documents\GitHub\Cudheart\Cudheart\Helpers\lib\x64\freeglut.lib(5,45): error C3872: '0xb0': this character is not allowed in an identifier
C:\Users\yoavo\Documents\GitHub\Cudheart\Cudheart\Helpers\lib\x64\freeglut.lib(5,66): error C3750: '&': unexpected token in attribute specifier
C:\Users\yoavo\Documents\GitHub\Cudheart\Cudheart\Helpers\lib\x64\freeglut.lib(5,70): error C3750: '&': unexpected token in attribute specifier
C:\Users\yoavo\Documents\GitHub\Cudheart\Cudheart\Helpers\lib\x64\freeglut.lib(5,74): error C3750: ':': unexpected token in attribute specifier
C:\Users\yoavo\Documents\GitHub\Cudheart\Cudheart\Helpers\lib\x64\freeglut.lib(5,78): error C3750: ':': unexpected token in attribute specifier
C:\Users\yoavo\Documents\GitHub\Cudheart\Cudheart\Helpers\lib\x64\freeglut.lib(5,82): error C3750: ':': unexpected token in attribute specifier
C:\Users\yoavo\Documents\GitHub\Cudheart\Cudheart\Helpers\lib\x64\freeglut.lib(5,86): error C3750: ':': unexpected token in attribute specifier
C:\Users\yoavo\Documents\GitHub\Cudheart\Cudheart\Helpers\lib\x64\freeglut.lib(5,89): error C3872: '0x2020': this character is not allowed in an identifier
C:\Users\yoavo\Documents\GitHub\Cudheart\Cudheart\Helpers\lib\x64\freeglut.lib(5,89): error C3872: '0xb6': this character is not allowed in an identifier
C:\Users\yoavo\Documents\GitHub\Cudheart\Cudheart\Helpers\lib\x64\freeglut.lib(5,166): error C2018: unknown character '0x10'
C:\Users\yoavo\Documents\GitHub\Cudheart\Cudheart\Helpers\lib\x64\freeglut.lib(5,169): error C3751: 'A': unexpected identifier in attribute specifier
C:\Users\yoavo\Documents\GitHub\Cudheart\Cudheart\Helpers\lib\x64\freeglut.lib(5,170): error C2018: unknown character '0x10'
C:\Users\yoavo\Documents\GitHub\Cudheart\Cudheart\Helpers\lib\x64\freeglut.lib(5,173): error C3872: '0x201a': this character is not allowed in an identifier
C:\Users\yoavo\Documents\GitHub\Cudheart\Cudheart\Helpers\lib\x64\freeglut.lib(5,236): error C2018: unknown character '0x60'
C:\Users\yoavo\Documents\GitHub\Cudheart\Cudheart\Helpers\lib\x64\freeglut.lib(5,239): error C3751: 'q': unexpected identifier in attribute specifier
C:\Users\yoavo\Documents\GitHub\Cudheart\Cudheart\Helpers\lib\x64\freeglut.lib(5,240): error C2018: unknown character '0x60'
C:\Users\yoavo\Documents\GitHub\Cudheart\Cudheart\Helpers\lib\x64\freeglut.lib(5,244): error C3750: '^': unexpected token in attribute specifier
C:\Users\yoavo\Documents\GitHub\Cudheart\Cudheart\Helpers\lib\x64\freeglut.lib(5,248): error C3750: '^': unexpected token in attribute specifier
C:\Users\yoavo\Documents\GitHub\Cudheart\Cudheart\Helpers\lib\x64\freeglut.lib(5,252): error C3750: '<': unexpected token in attribute specifier
C:\Users\yoavo\Documents\GitHub\Cudheart\Cudheart\Helpers\lib\x64\freeglut.lib(5,256): error C3750: '<': unexpected token in attribute specifier
C:\Users\yoavo\Documents\GitHub\Cudheart\Cudheart\Helpers\lib\x64\freeglut.lib(5,259): error C3872: '0xb0': this character is not allowed in an identifier
C:\Users\yoavo\Documents\GitHub\Cudheart\Cudheart\Helpers\lib\x64\freeglut.lib(5,277): error C3750: '{': unexpected token in attribute specifier
C:\Users\yoavo\Documents\GitHub\Cudheart\Cudheart\Helpers\lib\x64\freeglut.lib(5,282): error C3750: '{': unexpected token in attribute specifier
C:\Users\yoavo\Documents\GitHub\Cudheart\Cudheart\Helpers\lib\x64\freeglut.lib(5,317): error C3750: '}': unexpected token in attribute specifier
C:\Users\yoavo\Documents\GitHub\Cudheart\Cudheart\Helpers\lib\x64\freeglut.lib(5,318): error C2018: unknown character '0x16'
C:\Users\yoavo\Documents\GitHub\Cudheart\Cudheart\Helpers\lib\x64\freeglut.lib(5,321): error C3750: '}': unexpected token in attribute specifier
C:\Users\yoavo\Documents\GitHub\Cudheart\Cudheart\Helpers\lib\x64\freeglut.lib(5,322): error C2018: unknown character '0x16'
C:\Users\yoavo\Documents\GitHub\Cudheart\Cudheart\Helpers\lib\x64\freeglut.lib(5,362): error C2018: unknown character '0x1c'
C:\Users\yoavo\Documents\GitHub\Cudheart\Cudheart\Helpers\lib\x64\freeglut.lib(5,365): error C3751: 'k': unexpected identifier in attribute specifier
C:\Users\yoavo\Documents\GitHub\Cudheart\Cudheart\Helpers\lib\x64\freeglut.lib(5,366): error C2018: unknown character '0x1c'
C:\Users\yoavo\Documents\GitHub\Cudheart\Cudheart\Helpers\lib\x64\freeglut.lib(5,369): error C3750: '|': unexpected token in attribute specifier
C:\Users\yoavo\Documents\GitHub\Cudheart\Cudheart\Helpers\lib\x64\freeglut.lib(5,370): error C3873: '0xa4': this character is not allowed as a first character of an identifier
C:\Users\yoavo\Documents\GitHub\Cudheart\Cudheart\Helpers\lib\x64\freeglut.lib(5,374): error C3750: '|': unexpected token in attribute specifier
C:\Users\yoavo\Documents\GitHub\Cudheart\Cudheart\Helpers\lib\x64\freeglut.lib(5,375): error C3873: '0xa4': this character is not allowed as a first character of an identifier
C:\Users\yoavo\Documents\GitHub\Cudheart\Cudheart\Helpers\lib\x64\freeglut.lib(5,427): error C3750: '{': unexpected token in attribute specifier
C:\Users\yoavo\Documents\GitHub\Cudheart\Cudheart\Helpers\lib\x64\freeglut.lib(5,431): error C3750: '{': unexpected token in attribute specifier
C:\Users\yoavo\Documents\GitHub\Cudheart\Cudheart\Helpers\lib\x64\freeglut.lib(5,436): error C2018: unknown character '0x8'
C:\Users\yoavo\Documents\GitHub\Cudheart\Cudheart\Helpers\lib\x64\freeglut.lib(5,439): error C3751: 'l': unexpected identifier in attribute specifier
C:\Users\yoavo\Documents\GitHub\Cudheart\Cudheart\Helpers\lib\x64\freeglut.lib(5,440): error C2018: unknown character '0x8'
C:\Users\yoavo\Documents\GitHub\Cudheart\Cudheart\Helpers\lib\x64\freeglut.lib(5,443): error C3750: '|': unexpected token in attribute specifier
C:\Users\yoavo\Documents\GitHub\Cudheart\Cudheart\Helpers\lib\x64\freeglut.lib(5,444): error C2059: syntax error: 'bad suffix on number'
C:\Users\yoavo\Documents\GitHub\Cudheart\Cudheart\Helpers\lib\x64\freeglut.lib(5,444): error C3750: 'constant': unexpected token in attribute specifier
C:\Users\yoavo\Documents\GitHub\Cudheart\Cudheart\Helpers\lib\x64\freeglut.lib(5,447): error C3750: '|': unexpected token in attribute specifier
C:\Users\yoavo\Documents\GitHub\Cudheart\Cudheart\Helpers\lib\x64\freeglut.lib(5,448): error C2059: syntax error: 'bad suffix on number'
C:\Users\yoavo\Documents\GitHub\Cudheart\Cudheart\Helpers\lib\x64\freeglut.lib(5,448): fatal error C1004: unexpected end-of-file found
  eglstrm_common.cpp
C:\Users\yoavo\Documents\GitHub\Cudheart\Cudheart\Samples\2_Concepts_and_Techniques\EGLStream_CUDA_CrossGPU\eglstrm_common.h(40,10): fatal error C1083: Cannot open include file: 'sys/socket.h': No such file or directory
  main.cpp
C:\Users\yoavo\Documents\GitHub\Cudheart\Cudheart\Samples\2_Concepts_and_Techniques\EGLStream_CUDA_CrossGPU\main.cpp(28,10): fatal error C1083: Cannot open include file: 'cudaEGL.h': No such file or directory
  cuda_consumer.cpp
C:\Users\yoavo\Documents\GitHub\Cudheart\Cudheart\Samples\2_Concepts_and_Techniques\EGLStream_CUDA_Interop\cuda_consumer.h(38,10): fatal error C1083: Cannot open include file: 'cudaEGL.h': No such file or directory
  cuda_producer.cpp
C:\Users\yoavo\Documents\GitHub\Cudheart\Cudheart\Samples\2_Concepts_and_Techniques\EGLStream_CUDA_Interop\cuda_producer.h(34,10): fatal error C1083: Cannot open include file: 'EGL/egl.h': No such file or directory
  eglstrm_common.cpp
C:\Users\yoavo\Documents\GitHub\Cudheart\Cudheart\Samples\2_Concepts_and_Techniques\EGLStream_CUDA_Interop\eglstrm_common.h(41,10): fatal error C1083: Cannot open include file: 'sys/time.h': No such file or directory
  main.cpp
C:\Users\yoavo\Documents\GitHub\Cudheart\Cudheart\Samples\2_Concepts_and_Techniques\EGLStream_CUDA_Interop\main.cpp(34,10): fatal error C1083: Cannot open include file: 'cudaEGL.h': No such file or directory
  gerschgorin.cpp
  matlab.cpp
  FunctionPointers.cpp
C:\Users\yoavo\Documents\GitHub\Cudheart\Cudheart\Samples\2_Concepts_and_Techniques\FunctionPointers\FunctionPointers.cpp(29,10): fatal error C1083: Cannot open include file: 'helper_gl.h': No such file or directory
  histogram_gold.cpp
  main.cpp
C:\Users\yoavo\Documents\GitHub\Cudheart\Cudheart\Samples\2_Concepts_and_Techniques\histogram\main.cpp(37,10): fatal error C1083: Cannot open include file: 'helper_cuda.h': No such file or directory
  bmploader.cpp
  imageDenoisingGL.cpp
C:\Users\yoavo\Documents\GitHub\Cudheart\Cudheart\Samples\2_Concepts_and_Techniques\imageDenoising\imageDenoisingGL.cpp(39,10): fatal error C1083: Cannot open include file: 'helper_gl.h': No such file or directory
  inlinePTX.cpp
C:\Users\yoavo\Documents\GitHub\Cudheart\Cudheart\Samples\2_Concepts_and_Techniques\inlinePTX_nvrtc\inlinePTX.cpp(38,10): fatal error C1083: Cannot open include file: 'nvrtc_helper.h': No such file or directory
  Generating Code...
  Compiling...
  main.cpp
C:\Users\yoavo\Documents\GitHub\Cudheart\Cudheart\Samples\2_Concepts_and_Techniques\MC_EstimatePiInlineP\src\main.cpp(42,10): fatal error C1083: Cannot open include file: 'helper_cuda.h': No such file or directory
  test.cpp
C:\Users\yoavo\Documents\GitHub\Cudheart\Cudheart\Samples\2_Concepts_and_Techniques\MC_EstimatePiInlineP\src\test.cpp(39,10): fatal error C1083: Cannot open include file: 'helper_timer.h': No such file or directory
  main.cpp
C:\Users\yoavo\Documents\GitHub\Cudheart\Cudheart\Samples\2_Concepts_and_Techniques\MC_EstimatePiInlineQ\src\main.cpp(46,10): fatal error C1083: Cannot open include file: 'helper_timer.h': No such file or directory
  test.cpp
C:\Users\yoavo\Documents\GitHub\Cudheart\Cudheart\Samples\2_Concepts_and_Techniques\MC_EstimatePiInlineQ\src\test.cpp(39,10): fatal error C1083: Cannot open include file: 'helper_timer.h': No such file or directory
  main.cpp
C:\Users\yoavo\Documents\GitHub\Cudheart\Cudheart\Samples\2_Concepts_and_Techniques\MC_EstimatePiP\src\main.cpp(46,10): fatal error C1083: Cannot open include file: 'helper_timer.h': No such file or directory
  test.cpp
C:\Users\yoavo\Documents\GitHub\Cudheart\Cudheart\Samples\2_Concepts_and_Techniques\MC_EstimatePiP\src\test.cpp(38,10): fatal error C1083: Cannot open include file: 'helper_timer.h': No such file or directory
  main.cpp
C:\Users\yoavo\Documents\GitHub\Cudheart\Cudheart\Samples\2_Concepts_and_Techniques\MC_EstimatePiQ\src\main.cpp(46,10): fatal error C1083: Cannot open include file: 'helper_timer.h': No such file or directory
  test.cpp
C:\Users\yoavo\Documents\GitHub\Cudheart\Cudheart\Samples\2_Concepts_and_Techniques\MC_EstimatePiQ\src\test.cpp(38,10): fatal error C1083: Cannot open include file: 'helper_timer.h': No such file or directory
  main.cpp
C:\Users\yoavo\Documents\GitHub\Cudheart\Cudheart\Samples\2_Concepts_and_Techniques\MC_SingleAsianOptionP\src\main.cpp(48,10): fatal error C1083: Cannot open include file: 'helper_timer.h': No such file or directory
  test.cpp
C:\Users\yoavo\Documents\GitHub\Cudheart\Cudheart\Samples\2_Concepts_and_Techniques\MC_SingleAsianOptionP\src\test.cpp(41,10): fatal error C1083: Cannot open include file: 'helper_timer.h': No such file or directory
  particles.cpp
C:\Users\yoavo\Documents\GitHub\Cudheart\Cudheart\Samples\2_Concepts_and_Techniques\particles\particles.cpp(40,10): fatal error C1083: Cannot open include file: 'helper_gl.h': No such file or directory
  particleSystem.cpp
C:\Users\yoavo\Documents\GitHub\Cudheart\Cudheart\Samples\2_Concepts_and_Techniques\particles\particleSystem.cpp(14,10): fatal error C1083: Cannot open include file: 'helper_gl.h': No such file or directory
  render_particles.cpp
C:\Users\yoavo\Documents\GitHub\Cudheart\Cudheart\Samples\2_Concepts_and_Techniques\particles\render_particles.cpp(34,10): fatal error C1083: Cannot open include file: 'helper_gl.h': No such file or directory
  shaders.cpp
  reduction.cpp
C:\Users\yoavo\Documents\GitHub\Cudheart\Cudheart\Samples\2_Concepts_and_Techniques\reduction\reduction.cpp(68,10): fatal error C1083: Cannot open include file: 'helper_cuda.h': No such file or directory
  scalarProd_cpu.cpp
  main.cpp
C:\Users\yoavo\Documents\GitHub\Cudheart\Cudheart\Samples\2_Concepts_and_Techniques\scan\main.cpp(29,10): fatal error C1083: Cannot open include file: 'helper_cuda.h': No such file or directory
  scan_gold.cpp
  main.cpp
C:\Users\yoavo\Documents\GitHub\Cudheart\Cudheart\Samples\2_Concepts_and_Techniques\sortingNetworks\main.cpp(45,10): fatal error C1083: Cannot open include file: 'helper_cuda.h': No such file or directory
  sortingNetworks_validate.cpp
  Generating Code...
  Compiling...
  threadMigration.cpp
C:\Users\yoavo\Documents\GitHub\Cudheart\Cudheart\Samples\2_Concepts_and_Techniques\threadMigration\threadMigration.cpp(72,10): fatal error C1083: Cannot open include file: 'helper_cuda_drvapi.h': No such file or directory
  bindlessTexture.cpp
C:\Users\yoavo\Documents\GitHub\Cudheart\Cudheart\Samples\3_CUDA_Features\bindlessTexture\bindlessTexture.cpp(47,10): fatal error C1083: Cannot open include file: 'helper_gl.h': No such file or directory
  compMalloc.cpp
C:\Users\yoavo\Documents\GitHub\Cudheart\Cudheart\Samples\3_CUDA_Features\cudaCompressibleMemory\compMalloc.cpp(30,10): fatal error C1083: Cannot open include file: 'helper_cuda.h': No such file or directory
  main.cpp
C:\Users\yoavo\Documents\GitHub\Cudheart\Cudheart\Samples\3_CUDA_Features\jacobiCudaGraphs\main.cpp(41,10): fatal error C1083: Cannot open include file: 'helper_cuda.h': No such file or directory
  memMapIpc.cpp
C:\Users\yoavo\Documents\GitHub\Cudheart\Cudheart\Samples\3_CUDA_Features\memMapIPCDrv\memMapIpc.cpp(39,10): fatal error C1083: Cannot open include file: 'helper_multiprocess.h': No such file or directory
  ptxjit.cpp
C:\Users\yoavo\Documents\GitHub\Cudheart\Cudheart\Samples\3_CUDA_Features\ptxjit\ptxjit.cpp(48,10): fatal error C1083: Cannot open include file: 'helper_cuda.h': No such file or directory
  batchCUBLAS.cpp
C:\Users\yoavo\Documents\GitHub\Cudheart\Cudheart\Samples\4_CUDA_Libraries\batchCUBLAS\batchCUBLAS.cpp(47,10): fatal error C1083: Cannot open include file: 'helper_cuda.h': No such file or directory
  batchedLabelMarkersAndLabelCompressionNPP.cpp
C:\Users\yoavo\Documents\GitHub\Cudheart\Cudheart\Samples\4_CUDA_Libraries\batchedLabelMarkersAndLabelCompressionNPP\batchedLabelMarkersAndLabelCompressionNPP.cpp(40,10): fatal error C1083: Cannot open include file: 'helper_cuda.h': No such file or directory
  boxFilterNPP.cpp
C:\Users\yoavo\Documents\GitHub\Cudheart\Cudheart\Samples\4_CUDA_Libraries\boxFilterNPP\boxFilterNPP.cpp(35,10): fatal error C1083: Cannot open include file: 'Exceptions.h': No such file or directory
  cannyEdgeDetectorNPP.cpp
C:\Users\yoavo\Documents\GitHub\Cudheart\Cudheart\Samples\4_CUDA_Libraries\cannyEdgeDetectorNPP\cannyEdgeDetectorNPP.cpp(35,10): fatal error C1083: Cannot open include file: 'Exceptions.h': No such file or directory
  main.cpp
C:\Users\yoavo\Documents\GitHub\Cudheart\Cudheart\Samples\4_CUDA_Libraries\conjugateGradientPrecond\main.cpp(59,10): fatal error C1083: Cannot open include file: 'helper_cuda.h': No such file or directory
  main.cpp
C:\Users\yoavo\Documents\GitHub\Cudheart\Cudheart\Samples\4_CUDA_Libraries\conjugateGradientUM\main.cpp(45,10): fatal error C1083: Cannot open include file: 'helper_cuda.h': No such file or directory
  main.cpp
C:\Users\yoavo\Documents\GitHub\Cudheart\Cudheart\Samples\4_CUDA_Libraries\conjugateGradient\main.cpp(45,10): fatal error C1083: Cannot open include file: 'helper_cuda.h': No such file or directory
  main.cpp
C:\Users\yoavo\Documents\GitHub\Cudheart\Cudheart\Samples\4_CUDA_Libraries\cudaNvSciNvMedia\main.cpp(35,10): fatal error C1083: Cannot open include file: 'nvscisync.h': No such file or directory
  nvmedia_producer.cpp
C:\Users\yoavo\Documents\GitHub\Cudheart\Cudheart\Samples\4_CUDA_Libraries\cudaNvSciNvMedia\nvmedia_utils\cmdline.h(33,10): fatal error C1083: Cannot open include file: 'nvmedia_2d.h': No such file or directory
  cmdline.cpp
C:\Users\yoavo\Documents\GitHub\Cudheart\Cudheart\Samples\4_CUDA_Libraries\cudaNvSciNvMedia\nvmedia_utils\cmdline.cpp(34,10): fatal error C1083: Cannot open include file: 'unistd.h': No such file or directory
  config_parser.cpp
C:\Users\yoavo\Documents\GitHub\Cudheart\Cudheart\Samples\4_CUDA_Libraries\cudaNvSciNvMedia\nvmedia_utils\config_parser.h(38,10): fatal error C1083: Cannot open include file: 'unistd.h': No such file or directory
  image_utils.cpp
C:\Users\yoavo\Documents\GitHub\Cudheart\Cudheart\Samples\4_CUDA_Libraries\cudaNvSciNvMedia\nvmedia_utils\image_utils.cpp(32,10): fatal error C1083: Cannot open include file: 'unistd.h': No such file or directory
  log_utils.cpp
C:\Users\yoavo\Documents\GitHub\Cudheart\Cudheart\Samples\4_CUDA_Libraries\cudaNvSciNvMedia\nvmedia_utils\log_utils.cpp(93,5): warning C4996: 'strcpy': This function or variable may be unsafe. Consider using strcpy_s instead. To disable deprecation, use _CRT_SECURE_NO_WARNINGS. See online help for details.
C:\Users\yoavo\Documents\GitHub\Cudheart\Cudheart\Samples\4_CUDA_Libraries\cudaNvSciNvMedia\nvmedia_utils\log_utils.cpp(101,13): warning C4996: 'strcat': This function or variable may be unsafe. Consider using strcat_s instead. To disable deprecation, use _CRT_SECURE_NO_WARNINGS. See online help for details.
C:\Users\yoavo\Documents\GitHub\Cudheart\Cudheart\Samples\4_CUDA_Libraries\cudaNvSciNvMedia\nvmedia_utils\log_utils.cpp(104,13): warning C4996: 'strcat': This function or variable may be unsafe. Consider using strcat_s instead. To disable deprecation, use _CRT_SECURE_NO_WARNINGS. See online help for details.
C:\Users\yoavo\Documents\GitHub\Cudheart\Cudheart\Samples\4_CUDA_Libraries\cudaNvSciNvMedia\nvmedia_utils\log_utils.cpp(119,13): warning C4996: 'strcat': This function or variable may be unsafe. Consider using strcat_s instead. To disable deprecation, use _CRT_SECURE_NO_WARNINGS. See online help for details.
  misc_utils.cpp
C:\Users\yoavo\Documents\GitHub\Cudheart\Cudheart\Samples\4_CUDA_Libraries\cudaNvSciNvMedia\nvmedia_utils\misc_utils.cpp(31,10): fatal error C1083: Cannot open include file: 'unistd.h': No such file or directory
  Generating Code...
  Compiling...
  nvsci_setup.cpp
C:\Users\yoavo\Documents\GitHub\Cudheart\Cudheart\Samples\4_CUDA_Libraries\cudaNvSciNvMedia\nvmedia_utils\cmdline.h(33,10): fatal error C1083: Cannot open include file: 'nvmedia_2d.h': No such file or directory
  cudaNvSci.cpp
C:\Users\yoavo\Documents\GitHub\Cudheart\Cudheart\Samples\4_CUDA_Libraries\cudaNvSci\cudaNvSci.h(32,10): fatal error C1083: Cannot open include file: 'helper_cuda.h': No such file or directory
  main.cpp
C:\Users\yoavo\Documents\GitHub\Cudheart\Cudheart\Samples\4_CUDA_Libraries\cudaNvSci\cudaNvSci.h(32,10): fatal error C1083: Cannot open include file: 'helper_cuda.h': No such file or directory
  main.cpp
C:\Users\yoavo\Documents\GitHub\Cudheart\Cudheart\Samples\4_CUDA_Libraries\cuDLAStandaloneMode\main.cpp(28,10): fatal error C1083: Cannot open include file: 'cudla.h': No such file or directory
  cuSolverDn_LinearSolver.cpp
C:\Users\yoavo\Documents\GitHub\Cudheart\Cudheart\Samples\4_CUDA_Libraries\cuSolverDn_LinearSolver\cuSolverDn_LinearSolver.cpp(67,10): fatal error C1083: Cannot open include file: 'helper_cuda.h': No such file or directory
  mmio_wrapper.cpp
  cuSolverRf.cpp
C:\Users\yoavo\Documents\GitHub\Cudheart\Cudheart\Samples\4_CUDA_Libraries\cuSolverRf\cuSolverRf.cpp(56,10): fatal error C1083: Cannot open include file: 'helper_cuda.h': No such file or directory
  mmio_wrapper.cpp
  cuSolverSp_LinearSolver.cpp
C:\Users\yoavo\Documents\GitHub\Cudheart\Cudheart\Samples\4_CUDA_Libraries\cuSolverSp_LinearSolver\cuSolverSp_LinearSolver.cpp(85,10): fatal error C1083: Cannot open include file: 'helper_cuda.h': No such file or directory
  mmio_wrapper.cpp
  cuSolverSp_LowlevelCholesky.cpp
C:\Users\yoavo\Documents\GitHub\Cudheart\Cudheart\Samples\4_CUDA_Libraries\cuSolverSp_LowlevelCholesky\cuSolverSp_LowlevelCholesky.cpp(24,10): fatal error C1083: Cannot open include file: 'helper_cuda.h': No such file or directory
  mmio_wrapper.cpp
  cuSolverSp_LowlevelQR.cpp
C:\Users\yoavo\Documents\GitHub\Cudheart\Cudheart\Samples\4_CUDA_Libraries\cuSolverSp_LowlevelQR\cuSolverSp_LowlevelQR.cpp(37,10): fatal error C1083: Cannot open include file: 'helper_cuda.h': No such file or directory
  mmio_wrapper.cpp
  FilterBorderControlNPP.cpp
C:\Users\yoavo\Documents\GitHub\Cudheart\Cudheart\Samples\4_CUDA_Libraries\FilterBorderControlNPP\FilterBorderControlNPP.cpp(43,10): fatal error C1083: Cannot open include file: 'Exceptions.h': No such file or directory
  freeImageInteropNPP.cpp
C:\Users\yoavo\Documents\GitHub\Cudheart\Cudheart\Samples\4_CUDA_Libraries\freeImageInteropNPP\freeImageInteropNPP.cpp(39,10): fatal error C1083: Cannot open include file: 'FreeImage.h': No such file or directory
  histEqualizationNPP.cpp
C:\Users\yoavo\Documents\GitHub\Cudheart\Cudheart\Samples\4_CUDA_Libraries\histEqualizationNPP\histEqualizationNPP.cpp(35,10): fatal error C1083: Cannot open include file: 'Exceptions.h': No such file or directory
  matrixMulCUBLAS.cpp
C:\Users\yoavo\Documents\GitHub\Cudheart\Cudheart\Samples\4_CUDA_Libraries\matrixMulCUBLAS\matrixMulCUBLAS.cpp(68,10): fatal error C1083: Cannot open include file: 'helper_string.h': No such file or directory
  MersenneTwister.cpp
C:\Users\yoavo\Documents\GitHub\Cudheart\Cudheart\Samples\4_CUDA_Libraries\MersenneTwisterGP11213\MersenneTwister.cpp(42,10): fatal error C1083: Cannot open include file: 'helper_functions.h': No such file or directory
  nvJPEG.cpp
C:\Users\yoavo\Documents\GitHub\Cudheart\Cudheart\Samples\4_CUDA_Libraries\nvJPEG\nvJPEG.cpp(33,10): fatal error C1083: Cannot open include file: 'helper_nvJPEG.hxx': No such file or directory
  Generating Code...
  Compiling...
  nvJPEG_encoder.cpp
C:\Users\yoavo\Documents\GitHub\Cudheart\Cudheart\Samples\4_CUDA_Libraries\nvJPEG_encoder\nvJPEG_encoder.cpp(32,10): fatal error C1083: Cannot open include file: 'helper_nvJPEG.hxx': No such file or directory
  oceanFFT.cpp
C:\Users\yoavo\Documents\GitHub\Cudheart\Cudheart\Samples\4_CUDA_Libraries\oceanFFT\oceanFFT.cpp(53,10): fatal error C1083: Cannot open include file: 'helper_gl.h': No such file or directory
  randomFog.cpp
C:\Users\yoavo\Documents\GitHub\Cudheart\Cudheart\Samples\4_CUDA_Libraries\randomFog\randomFog.cpp(29,10): fatal error C1083: Cannot open include file: 'helper_gl.h': No such file or directory
  rng.cpp
C:\Users\yoavo\Documents\GitHub\Cudheart\Cudheart\Samples\4_CUDA_Libraries\randomFog\rng.cpp(37,10): fatal error C1083: Cannot open include file: 'helper_timer.h': No such file or directory
  simpleCUBLASXT.cpp
C:\Users\yoavo\Documents\GitHub\Cudheart\Cudheart\Samples\4_CUDA_Libraries\simpleCUBLASXT\simpleCUBLASXT.cpp(42,10): fatal error C1083: Cannot open include file: 'helper_cuda.h': No such file or directory
  simpleCUBLAS.cpp
C:\Users\yoavo\Documents\GitHub\Cudheart\Cudheart\Samples\4_CUDA_Libraries\simpleCUBLAS\simpleCUBLAS.cpp(42,10): fatal error C1083: Cannot open include file: 'helper_cuda.h': No such file or directory
  simpleCUBLAS_LU.cpp
C:\Users\yoavo\Documents\GitHub\Cudheart\Cudheart\Samples\4_CUDA_Libraries\simpleCUBLAS_LU\simpleCUBLAS_LU.cpp(50,10): fatal error C1083: Cannot open include file: 'helper_cuda.h': No such file or directory
  watershedSegmentationNPP.cpp
C:\Users\yoavo\Documents\GitHub\Cudheart\Cudheart\Samples\4_CUDA_Libraries\watershedSegmentationNPP\watershedSegmentationNPP.cpp(41,10): fatal error C1083: Cannot open include file: 'helper_cuda.h': No such file or directory
  bicubicTexture.cpp
C:\Users\yoavo\Documents\GitHub\Cudheart\Cudheart\Samples\5_Domain_Specific\bicubicTexture\bicubicTexture.cpp(61,10): fatal error C1083: Cannot open include file: 'helper_gl.h': No such file or directory
  bilateralFilter.cpp
C:\Users\yoavo\Documents\GitHub\Cudheart\Cudheart\Samples\5_Domain_Specific\bilateralFilter\bilateralFilter.cpp(54,10): fatal error C1083: Cannot open include file: 'helper_gl.h': No such file or directory
  bilateralFilter_cpu.cpp
  bmploader.cpp
  binomialOptions.cpp
C:\Users\yoavo\Documents\GitHub\Cudheart\Cudheart\Samples\5_Domain_Specific\binomialOptions\binomialOptions.cpp(40,10): fatal error C1083: Cannot open include file: 'helper_functions.h': No such file or directory
  binomialOptions_gold.cpp
  binomialOptions.cpp
C:\Users\yoavo\Documents\GitHub\Cudheart\Cudheart\Samples\5_Domain_Specific\binomialOptions_nvrtc\binomialOptions.cpp(42,10): fatal error C1083: Cannot open include file: 'helper_functions.h': No such file or directory
  binomialOptions_gold.cpp
  binomialOptions_gpu.cpp
C:\Users\yoavo\Documents\GitHub\Cudheart\Cudheart\Samples\5_Domain_Specific\binomialOptions_nvrtc\binomialOptions_gpu.cpp(36,10): fatal error C1083: Cannot open include file: 'helper_cuda.h': No such file or directory
  BlackScholes_gold.cpp
  BlackScholes.cpp
C:\Users\yoavo\Documents\GitHub\Cudheart\Cudheart\Samples\5_Domain_Specific\BlackScholes_nvrtc\BlackScholes.cpp(35,10): fatal error C1083: Cannot open include file: 'nvrtc_helper.h': No such file or directory
  BlackScholes_gold.cpp
  Generating Code...
  Compiling...
  convolutionFFT2D_gold.cpp
  main.cpp
C:\Users\yoavo\Documents\GitHub\Cudheart\Cudheart\Samples\5_Domain_Specific\convolutionFFT2D\main.cpp(45,10): fatal error C1083: Cannot open include file: 'helper_functions.h': No such file or directory
  fastWalshTransform_gold.cpp
  FDTD3d.cpp
C:\Users\yoavo\Documents\GitHub\Cudheart\Cudheart\Samples\5_Domain_Specific\FDTD3d\src\FDTD3d.cpp(28,10): fatal error C1083: Cannot open include file: 'FDTD3d.h': No such file or directory
  FDTD3dReference.cpp
C:\Users\yoavo\Documents\GitHub\Cudheart\Cudheart\Samples\5_Domain_Specific\FDTD3d\src\FDTD3dReference.cpp(28,10): fatal error C1083: Cannot open include file: 'FDTD3dReference.h': No such file or directory
  fluidsD3D9.cpp
C:\Users\yoavo\Documents\GitHub\Cudheart\Cudheart\Samples\5_Domain_Specific\fluidsD3D9\fluidsD3D9.cpp(45,10): fatal error C1083: Cannot open include file: 'helper_cuda.h': No such file or directory
  fluidsGLES.cpp
C:\Users\yoavo\Documents\GitHub\Cudheart\Cudheart\Samples\5_Domain_Specific\fluidsGLES\fluidsGLES.cpp(18,10): fatal error C1083: Cannot open include file: 'unistd.h': No such file or directory
  fluidsGL.cpp
C:\Users\yoavo\Documents\GitHub\Cudheart\Cudheart\Samples\5_Domain_Specific\fluidsGL\fluidsGL.cpp(29,10): fatal error C1083: Cannot open include file: 'helper_gl.h': No such file or directory
  flowGold.cpp
C:\Users\yoavo\Documents\GitHub\Cudheart\Cudheart\Samples\5_Domain_Specific\HSOpticalFlow\common.h(45,10): fatal error C1083: Cannot open include file: 'helper_cuda.h': No such file or directory
  main.cpp
C:\Users\yoavo\Documents\GitHub\Cudheart\Cudheart\Samples\5_Domain_Specific\HSOpticalFlow\common.h(45,10): fatal error C1083: Cannot open include file: 'helper_cuda.h': No such file or directory
  Mandelbrot.cpp
C:\Users\yoavo\Documents\GitHub\Cudheart\Cudheart\Samples\5_Domain_Specific\Mandelbrot\Mandelbrot.cpp(40,10): fatal error C1083: Cannot open include file: 'helper_gl.h': No such file or directory
  Mandelbrot_gold.cpp
  marchingCubes.cpp
C:\Users\yoavo\Documents\GitHub\Cudheart\Cudheart\Samples\5_Domain_Specific\marchingCubes\marchingCubes.cpp(94,10): fatal error C1083: Cannot open include file: 'helper_gl.h': No such file or directory
  MonteCarloMultiGPU.cpp
C:\Users\yoavo\Documents\GitHub\Cudheart\Cudheart\Samples\5_Domain_Specific\MonteCarloMultiGPU\MonteCarloMultiGPU.cpp(41,10): fatal error C1083: Cannot open include file: 'helper_functions.h': No such file or directory
  MonteCarlo_gold.cpp
C:\Users\yoavo\Documents\GitHub\Cudheart\Cudheart\Samples\5_Domain_Specific\MonteCarloMultiGPU\MonteCarlo_gold.cpp(35,10): fatal error C1083: Cannot open include file: 'helper_cuda.h': No such file or directory
  multithreading.cpp
C:\Users\yoavo\Documents\GitHub\Cudheart\Cudheart\Samples\5_Domain_Specific\MonteCarloMultiGPU\multithreading.cpp(28,10): fatal error C1083: Cannot open include file: 'multithreading.h': No such file or directory
  nbody.cpp
C:\Users\yoavo\Documents\GitHub\Cudheart\Cudheart\Samples\5_Domain_Specific\nbody\nbody.cpp(28,10): fatal error C1083: Cannot open include file: 'helper_gl.h': No such file or directory
  render_particles.cpp
C:\Users\yoavo\Documents\GitHub\Cudheart\Cudheart\Samples\5_Domain_Specific\nbody\render_particles.cpp(31,10): fatal error C1083: Cannot open include file: 'helper_gl.h': No such file or directory
  nbody_opengles.cpp
C:\Users\yoavo\Documents\GitHub\Cudheart\Cudheart\Samples\5_Domain_Specific\nbody_opengles\nbody_opengles.cpp(28,10): fatal error C1083: Cannot open include file: 'X11/Xlib.h': No such file or directory
  render_particles.cpp
C:\Users\yoavo\Documents\GitHub\Cudheart\Cudheart\Samples\5_Domain_Specific\nbody_opengles\render_particles.h(31,10): fatal error C1083: Cannot open include file: 'EGL/egl.h': No such file or directory
  Generating Code...
  Compiling...
  nbody_screen.cpp
C:\Users\yoavo\Documents\GitHub\Cudheart\Cudheart\Samples\5_Domain_Specific\nbody_screen\render_particles.h(31,10): fatal error C1083: Cannot open include file: 'EGL/egl.h': No such file or directory
  render_particles.cpp
C:\Users\yoavo\Documents\GitHub\Cudheart\Cudheart\Samples\5_Domain_Specific\nbody_screen\render_particles.h(31,10): fatal error C1083: Cannot open include file: 'EGL/egl.h': No such file or directory
  resize_convert_main.cpp
C:\Users\yoavo\Documents\GitHub\Cudheart\Cudheart\Samples\5_Domain_Specific\NV12toBGRandResize\resize_convert.h(33,10): fatal error C1083: Cannot open include file: 'helper_cuda.h': No such file or directory
  main.cpp
C:\Users\yoavo\Documents\GitHub\Cudheart\Cudheart\Samples\5_Domain_Specific\postProcessGL\main.cpp(72,10): fatal error C1083: Cannot open include file: 'helper_gl.h': No such file or directory
  quasirandomGenerator.cpp
C:\Users\yoavo\Documents\GitHub\Cudheart\Cudheart\Samples\5_Domain_Specific\quasirandomGenerator\quasirandomGenerator.cpp(32,10): fatal error C1083: Cannot open include file: 'helper_functions.h': No such file or directory
  quasirandomGenerator_gold.cpp
  quasirandomGenerator.cpp
C:\Users\yoavo\Documents\GitHub\Cudheart\Cudheart\Samples\5_Domain_Specific\quasirandomGenerator_nvrtc\quasirandomGenerator.cpp(33,10): fatal error C1083: Cannot open include file: 'helper_functions.h': No such file or directory
  quasirandomGenerator_gold.cpp
  recursiveGaussian.cpp
C:\Users\yoavo\Documents\GitHub\Cudheart\Cudheart\Samples\5_Domain_Specific\recursiveGaussian\recursiveGaussian.cpp(55,10): fatal error C1083: Cannot open include file: 'helper_gl.h': No such file or directory
  simpleD3D10RenderTarget.cpp
C:\Users\yoavo\Documents\GitHub\Cudheart\Cudheart\Samples\5_Domain_Specific\simpleD3D10RenderTarget\simpleD3D10RenderTarget.cpp(39,10): fatal error C1083: Cannot open include file: 'dynlink_d3d10.h': No such file or directory
  simpleD3D10Texture.cpp
C:\Users\yoavo\Documents\GitHub\Cudheart\Cudheart\Samples\5_Domain_Specific\simpleD3D10Texture\simpleD3D10Texture.cpp(38,10): fatal error C1083: Cannot open include file: 'dynlink_d3d10.h': No such file or directory
  simpleD3D10.cpp
C:\Users\yoavo\Documents\GitHub\Cudheart\Cudheart\Samples\5_Domain_Specific\simpleD3D10\simpleD3D10.cpp(40,10): fatal error C1083: Cannot open include file: 'dynlink_d3d10.h': No such file or directory
  simpleD3D11Texture.cpp
C:\Users\yoavo\Documents\GitHub\Cudheart\Cudheart\Samples\5_Domain_Specific\simpleD3D11Texture\simpleD3D11Texture.cpp(38,10): fatal error C1083: Cannot open include file: 'dynlink_d3d11.h': No such file or directory
  simpleD3D11.cpp
C:\Users\yoavo\Documents\GitHub\Cudheart\Cudheart\Samples\5_Domain_Specific\simpleD3D11\simpleD3D11.cpp(38,10): fatal error C1083: Cannot open include file: 'dynlink_d3d11.h': No such file or directory
  DX12CudaSample.cpp
C:\Users\yoavo\Documents\GitHub\Cudheart\Cudheart\Samples\5_Domain_Specific\simpleD3D12\DX12CudaSample.cpp(55,10): fatal error C1083: Cannot open include file: 'helper_string.h': No such file or directory
  Main.cpp
C:\Users\yoavo\Documents\GitHub\Cudheart\Cudheart\Samples\5_Domain_Specific\simpleD3D12\ShaderStructs.h(35,10): fatal error C1083: Cannot open include file: 'helper_cuda.h': No such file or directory
  simpleD3D12.cpp
C:\Users\yoavo\Documents\GitHub\Cudheart\Cudheart\Samples\5_Domain_Specific\simpleD3D12\ShaderStructs.h(35,10): fatal error C1083: Cannot open include file: 'helper_cuda.h': No such file or directory
  stdafx.cpp
  Win32Application.cpp
  simpleD3D9Texture.cpp
C:\Users\yoavo\Documents\GitHub\Cudheart\Cudheart\Samples\5_Domain_Specific\simpleD3D9Texture\simpleD3D9Texture.cpp(45,10): fatal error C1083: Cannot open include file: 'rendercheck_d3d9.h': No such file or directory
  Generating Code...
  Compiling...
  simpleD3D9.cpp
C:\Users\yoavo\Documents\GitHub\Cudheart\Cudheart\Samples\5_Domain_Specific\simpleD3D9\simpleD3D9.cpp(46,10): fatal error C1083: Cannot open include file: 'rendercheck_d3d9.h': No such file or directory
  main.cpp
C:\Users\yoavo\Documents\GitHub\Cudheart\Cudheart\Samples\5_Domain_Specific\simpleVulkanMMAP\VulkanBaseApp.h(34,10): fatal error C1083: Cannot open include file: 'vulkan/vulkan.h': No such file or directory
  VulkanBaseApp.cpp
C:\Users\yoavo\Documents\GitHub\Cudheart\Cudheart\Samples\5_Domain_Specific\simpleVulkanMMAP\VulkanBaseApp.h(34,10): fatal error C1083: Cannot open include file: 'vulkan/vulkan.h': No such file or directory
  main.cpp
C:\Users\yoavo\Documents\GitHub\Cudheart\Cudheart\Samples\5_Domain_Specific\simpleVulkan\VulkanBaseApp.h(34,10): fatal error C1083: Cannot open include file: 'vulkan/vulkan.h': No such file or directory
  VulkanBaseApp.cpp
C:\Users\yoavo\Documents\GitHub\Cudheart\Cudheart\Samples\5_Domain_Specific\simpleVulkan\VulkanBaseApp.h(34,10): fatal error C1083: Cannot open include file: 'vulkan/vulkan.h': No such file or directory
  SLID3D10Texture.cpp
C:\Users\yoavo\Documents\GitHub\Cudheart\Cudheart\Samples\5_Domain_Specific\SLID3D10Texture\SLID3D10Texture.cpp(45,10): fatal error C1083: Cannot open include file: 'dynlink_d3d10.h': No such file or directory
  framebufferObject.cpp
C:\Users\yoavo\Documents\GitHub\Cudheart\Cudheart\Samples\5_Domain_Specific\smokeParticles\framebufferObject.cpp(70,10): fatal error C1083: Cannot open include file: 'helper_gl.h': No such file or directory
  GLSLProgram.cpp
C:\Users\yoavo\Documents\GitHub\Cudheart\Cudheart\Samples\5_Domain_Specific\smokeParticles\GLSLProgram.cpp(30,10): fatal error C1083: Cannot open include file: 'helper_gl.h': No such file or directory
  particleDemo.cpp
C:\Users\yoavo\Documents\GitHub\Cudheart\Cudheart\Samples\5_Domain_Specific\smokeParticles\particleDemo.cpp(46,10): fatal error C1083: Cannot open include file: 'helper_gl.h': No such file or directory
  ParticleSystem.cpp
C:\Users\yoavo\Documents\GitHub\Cudheart\Cudheart\Samples\5_Domain_Specific\smokeParticles\ParticleSystem.cpp(36,10): fatal error C1083: Cannot open include file: 'helper_gl.h': No such file or directory
  renderbuffer.cpp
C:\Users\yoavo\Documents\GitHub\Cudheart\Cudheart\Samples\5_Domain_Specific\smokeParticles\renderbuffer.cpp(53,10): fatal error C1083: Cannot open include file: 'helper_gl.h': No such file or directory
  SmokeRenderer.cpp
C:\Users\yoavo\Documents\GitHub\Cudheart\Cudheart\Samples\5_Domain_Specific\smokeParticles\SmokeRenderer.cpp(35,10): fatal error C1083: Cannot open include file: 'helper_gl.h': No such file or directory
  SmokeShaders.cpp
  SobelFilter.cpp
C:\Users\yoavo\Documents\GitHub\Cudheart\Cudheart\Samples\5_Domain_Specific\SobelFilter\SobelFilter.cpp(29,10): fatal error C1083: Cannot open include file: 'helper_gl.h': No such file or directory
  sobol.cpp
C:\Users\yoavo\Documents\GitHub\Cudheart\Cudheart\Samples\5_Domain_Specific\SobolQRNG\sobol.cpp(59,10): fatal error C1083: Cannot open include file: 'helper_cuda.h': No such file or directory
  sobol_gold.cpp
  sobol_primitives.cpp
  VFlockingD3D10.cpp
C:\Users\yoavo\Documents\GitHub\Cudheart\Cudheart\Samples\5_Domain_Specific\VFlockingD3D10\VFlockingD3D10.cpp(50,10): fatal error C1083: Cannot open include file: 'dynlink_d3d10.h': No such file or directory
  volume.cpp
C:\Users\yoavo\Documents\GitHub\Cudheart\Cudheart\Samples\5_Domain_Specific\volumeFiltering\volume.cpp(32,10): fatal error C1083: Cannot open include file: 'helper_cuda.h': No such file or directory
  volumeFiltering.cpp
C:\Users\yoavo\Documents\GitHub\Cudheart\Cudheart\Samples\5_Domain_Specific\volumeFiltering\volumeFiltering.cpp(28,10): fatal error C1083: Cannot open include file: 'helper_gl.h': No such file or directory
  Generating Code...
  Compiling...
  volumeRender.cpp
C:\Users\yoavo\Documents\GitHub\Cudheart\Cudheart\Samples\5_Domain_Specific\volumeRender\volumeRender.cpp(44,10): fatal error C1083: Cannot open include file: 'helper_gl.h': No such file or directory
  helperFunctions.cpp
C:\Users\yoavo\Documents\GitHub\Cudheart\Cudheart\Samples\6_Performance\UnifiedMemoryPerf\helperFunctions.cpp(89,3): warning C4996: 'strcpy': This function or variable may be unsafe. Consider using strcpy_s instead. To disable deprecation, use _CRT_SECURE_NO_WARNINGS. See online help for details.
C:\Users\yoavo\Documents\GitHub\Cudheart\Cudheart\Samples\6_Performance\UnifiedMemoryPerf\helperFunctions.cpp(85,16): warning C4101: 'i': unreferenced local variable
C:\Users\yoavo\Documents\GitHub\Cudheart\Cudheart\Samples\6_Performance\UnifiedMemoryPerf\helperFunctions.cpp(113,3): warning C4996: 'strcpy': This function or variable may be unsafe. Consider using strcpy_s instead. To disable deprecation, use _CRT_SECURE_NO_WARNINGS. See online help for details.
C:\Users\yoavo\Documents\GitHub\Cudheart\Cudheart\Samples\6_Performance\UnifiedMemoryPerf\helperFunctions.cpp(258,8): warning C4101: 'resultNameNoSpaces': unreferenced local variable
C:\Users\yoavo\Documents\GitHub\Cudheart\Cudheart\Samples\6_Performance\UnifiedMemoryPerf\helperFunctions.cpp(259,22): warning C4101: 'k': unreferenced local variable
C:\Users\yoavo\Documents\GitHub\Cudheart\Cudheart\Samples\6_Performance\UnifiedMemoryPerf\helperFunctions.cpp(257,8): warning C4101: 'vulcanPrint': unreferenced local variable
C:\Users\yoavo\Documents\GitHub\Cudheart\Cudheart\Samples\6_Performance\UnifiedMemoryPerf\helperFunctions.cpp(261,8): warning C4101: 'sizeGreaterThan1MB': unreferenced local variable
  Generating Code...
