c:\users\yoavo\documents\github\cudheart\cudheart\x64\debug\baseexception.cu.obj
c:\users\yoavo\documents\github\cudheart\cudheart\x64\debug\main.cu.obj
c:\users\yoavo\documents\github\cudheart\cudheart\x64\debug\arrayops.cu.obj
c:\users\yoavo\documents\github\cudheart\cudheart\x64\debug\io.cu.obj
c:\users\yoavo\documents\github\cudheart\cudheart\x64\debug\matopstest.cu.obj
c:\users\yoavo\documents\github\cudheart\cudheart\x64\debug\mattest.cu.obj
c:\users\yoavo\documents\github\cudheart\cudheart\x64\debug\testarray.cu.obj
c:\users\yoavo\documents\github\cudheart\cudheart\x64\debug\vecopstest.cu.obj
c:\users\yoavo\documents\github\cudheart\cudheart\x64\debug\vectest.cu.obj
c:\users\yoavo\documents\github\cudheart\cudheart\x64\debug\test.cu.obj
c:\users\yoavo\documents\github\cudheart\cudheart\x64\debug\cudheart.lib
c:\users\yoavo\documents\github\cudheart\cudheart\x64\debug\cudheart.exp
c:\users\yoavo\documents\github\cudheart\cudheart\x64\debug\arrayops.cu.cache
c:\users\yoavo\documents\github\cudheart\cudheart\x64\debug\baseexception.cu.cache
c:\users\yoavo\documents\github\cudheart\cudheart\x64\debug\io.cu.cache
c:\users\yoavo\documents\github\cudheart\cudheart\x64\debug\main.cu.cache
c:\users\yoavo\documents\github\cudheart\cudheart\x64\debug\matopstest.cu.cache
c:\users\yoavo\documents\github\cudheart\cudheart\x64\debug\mattest.cu.cache
c:\users\yoavo\documents\github\cudheart\cudheart\x64\debug\test.cu.cache
c:\users\yoavo\documents\github\cudheart\cudheart\x64\debug\testarray.cu.cache
c:\users\yoavo\documents\github\cudheart\cudheart\x64\debug\vecopstest.cu.cache
c:\users\yoavo\documents\github\cudheart\cudheart\x64\debug\vectest.cu.cache
c:\users\yoavo\documents\github\cudheart\cudheart\x64\debug\cudheart.pdb
c:\users\yoavo\documents\github\cudheart\cudheart\x64\debug\vc143.pdb
c:\users\yoavo\documents\github\cudheart\cudheart\x64\debug\cudheart.tlog\cudacompile.read.1u.tlog
c:\users\yoavo\documents\github\cudheart\cudheart\x64\debug\cudheart.tlog\cudacompile.write.1u.tlog
c:\users\yoavo\documents\github\cudheart\cudheart\x64\debug\cudheart.tlog\link.26540.read.1.tlog
c:\users\yoavo\documents\github\cudheart\cudheart\x64\debug\cudheart.tlog\link.26540.read.2.tlog
c:\users\yoavo\documents\github\cudheart\cudheart\x64\debug\cudheart.tlog\link.26540.write.1.tlog
c:\users\yoavo\documents\github\cudheart\cudheart\x64\debug\cudheart.tlog\link.command.1.tlog
c:\users\yoavo\documents\github\cudheart\cudheart\x64\debug\cudheart.tlog\link.read.1.tlog
c:\users\yoavo\documents\github\cudheart\cudheart\x64\debug\cudheart.tlog\link.read.2.tlog
c:\users\yoavo\documents\github\cudheart\cudheart\x64\debug\cudheart.tlog\link.write.1.tlog
c:\users\yoavo\documents\github\cudheart\cudheart\x64\debug\cudheart.tlog\link.write.2u.tlog
