  ArrayOps.cpp
C:\Users\yoavo\Documents\GitHub\Cudheart\Cudheart\Cudheart\Cudheart\Arrays\ArrayOps.cpp(13,11): warning C4244: 'initializing': conversion from 'double' to 'int', possible loss of data
  Shape.cpp
C:\Users\yoavo\Documents\GitHub\Cudheart\Cudheart\Cudheart\Cudheart\Arrays\Shape.cpp(13,23): warning C4267: '=': conversion from 'size_t' to 'int', possible loss of data
  Array.cpp
  Cudheart.cpp
  DDouble.cpp
  DInt.cpp
  Dtype.cpp
  AssertionError.cpp
  BaseException.cpp
  IndexError.cpp
  NotImplementedError.cpp
  ShapeError.cpp
  Test.cpp
  Main.cpp
  Generating code
  62 of 205 functions (30.2%) were compiled, the rest were copied from previous compilation.
    21 functions were new in current compilation
    44 functions had inline decision re-evaluated but remain unchanged
  Finished generating code
  Cudheart.vcxproj -> C:\Users\yoavo\Documents\GitHub\Cudheart\Cudheart\Cudheart\x64\Release\Cudheart.exe
