  Compiling CUDA source file commonKernels.cu...
  Compiling CUDA source file matrixMultiplyPerf.cu...
  
  D:\cuda-samples-master\cuda-samples-master\Samples\6_Performance\UnifiedMemoryPerf>"C:\Program Files\NVIDIA GPU Computing Toolkit\CUDA\v11.6\bin\nvcc.exe" -gencode=arch=compute_35,code=\"sm_35,compute_35\" -gencode=arch=compute_37,code=\"sm_37,compute_37\" -gencode=arch=compute_50,code=\"sm_50,compute_50\" -gencode=arch=compute_52,code=\"sm_52,compute_52\" -gencode=arch=compute_60,code=\"sm_60,compute_60\" -gencode=arch=compute_61,code=\"sm_61,compute_61\" -gencode=arch=compute_70,code=\"sm_70,compute_70\" -gencode=arch=compute_75,code=\"sm_75,compute_75\" -gencode=arch=compute_80,code=\"sm_80,compute_80\" -gencode=arch=compute_86,code=\"sm_86,compute_86\" --use-local-env -ccbin "C:\Program Files\Microsoft Visual Studio\2022\Community\VC\Tools\MSVC\14.33.31517\bin\HostX64\x64" -x cu   -I./ -I../../../Common -I./ -I"C:\Program Files\NVIDIA GPU Computing Toolkit\CUDA\v11.6\/include" -I../../../Common -I"C:\Program Files\NVIDIA GPU Computing Toolkit\CUDA\v11.6\include"  -G   --keep-dir x64\Debug  -maxrregcount=0  --machine 64 --compile -cudart static -Xcompiler "/wd 4819"  --threads 0 -g  -DWIN32 -DWIN32 -D_MBCS -D_MBCS -Xcompiler "/EHsc /W3 /nologo /Od /Fdx64/Debug/vc143.pdb /FS /Zi /RTC1 /MTd " -o D:\cuda-samples-master\cuda-samples-master\Samples\6_Performance\UnifiedMemoryPerf\x64\Debug\commonKernels.cu.obj "D:\cuda-samples-master\cuda-samples-master\Samples\6_Performance\UnifiedMemoryPerf\commonKernels.cu" 
CUDACOMPILE : nvcc warning : The 'compute_35', 'compute_37', 'sm_35', and 'sm_37' architectures are deprecated, and may be removed in a future release (Use -Wno-deprecated-gpu-targets to suppress warning).
  commonKernels.cu
  
  D:\cuda-samples-master\cuda-samples-master\Samples\6_Performance\UnifiedMemoryPerf>"C:\Program Files\NVIDIA GPU Computing Toolkit\CUDA\v11.6\bin\nvcc.exe" -gencode=arch=compute_35,code=\"sm_35,compute_35\" -gencode=arch=compute_37,code=\"sm_37,compute_37\" -gencode=arch=compute_50,code=\"sm_50,compute_50\" -gencode=arch=compute_52,code=\"sm_52,compute_52\" -gencode=arch=compute_60,code=\"sm_60,compute_60\" -gencode=arch=compute_61,code=\"sm_61,compute_61\" -gencode=arch=compute_70,code=\"sm_70,compute_70\" -gencode=arch=compute_75,code=\"sm_75,compute_75\" -gencode=arch=compute_80,code=\"sm_80,compute_80\" -gencode=arch=compute_86,code=\"sm_86,compute_86\" --use-local-env -ccbin "C:\Program Files\Microsoft Visual Studio\2022\Community\VC\Tools\MSVC\14.33.31517\bin\HostX64\x64" -x cu   -I./ -I../../../Common -I./ -I"C:\Program Files\NVIDIA GPU Computing Toolkit\CUDA\v11.6\/include" -I../../../Common -I"C:\Program Files\NVIDIA GPU Computing Toolkit\CUDA\v11.6\include"  -G   --keep-dir x64\Debug  -maxrregcount=0  --machine 64 --compile -cudart static -Xcompiler "/wd 4819"  --threads 0 -g  -DWIN32 -DWIN32 -D_MBCS -D_MBCS -Xcompiler "/EHsc /W3 /nologo /Od /Fdx64/Debug/vc143.pdb /FS /Zi /RTC1 /MTd " -o D:\cuda-samples-master\cuda-samples-master\Samples\6_Performance\UnifiedMemoryPerf\x64\Debug\matrixMultiplyPerf.cu.obj "D:\cuda-samples-master\cuda-samples-master\Samples\6_Performance\UnifiedMemoryPerf\matrixMultiplyPerf.cu" 
CUDACOMPILE : nvcc warning : The 'compute_35', 'compute_37', 'sm_35', and 'sm_37' architectures are deprecated, and may be removed in a future release (Use -Wno-deprecated-gpu-targets to suppress warning).
  matrixMultiplyPerf.cu
  tmpxft_00000e90_00000000-7_commonKernels.compute_86.cudafe1.cpp
  tmpxft_00006740_00000000-7_matrixMultiplyPerf.compute_86.cudafe1.cpp
D:\cuda-samples-master\cuda-samples-master\Samples\6_Performance\UnifiedMemoryPerf\matrixMultiplyPerf.cu(564): warning C4267: 'initializing': conversion from 'size_t' to 'unsigned int', possible loss of data
  helperFunctions.cpp
D:\cuda-samples-master\cuda-samples-master\Samples\6_Performance\UnifiedMemoryPerf\helperFunctions.cpp(89,3): warning C4996: 'strcpy': This function or variable may be unsafe. Consider using strcpy_s instead. To disable deprecation, use _CRT_SECURE_NO_WARNINGS. See online help for details.
D:\cuda-samples-master\cuda-samples-master\Samples\6_Performance\UnifiedMemoryPerf\helperFunctions.cpp(85,16): warning C4101: 'i': unreferenced local variable
D:\cuda-samples-master\cuda-samples-master\Samples\6_Performance\UnifiedMemoryPerf\helperFunctions.cpp(113,3): warning C4996: 'strcpy': This function or variable may be unsafe. Consider using strcpy_s instead. To disable deprecation, use _CRT_SECURE_NO_WARNINGS. See online help for details.
D:\cuda-samples-master\cuda-samples-master\Samples\6_Performance\UnifiedMemoryPerf\helperFunctions.cpp(258,8): warning C4101: 'resultNameNoSpaces': unreferenced local variable
D:\cuda-samples-master\cuda-samples-master\Samples\6_Performance\UnifiedMemoryPerf\helperFunctions.cpp(259,22): warning C4101: 'k': unreferenced local variable
D:\cuda-samples-master\cuda-samples-master\Samples\6_Performance\UnifiedMemoryPerf\helperFunctions.cpp(257,8): warning C4101: 'vulcanPrint': unreferenced local variable
D:\cuda-samples-master\cuda-samples-master\Samples\6_Performance\UnifiedMemoryPerf\helperFunctions.cpp(261,8): warning C4101: 'sizeGreaterThan1MB': unreferenced local variable
     Creating library ../../../bin/win64/Debug/UnifiedMemoryPerf.lib and object ../../../bin/win64/Debug/UnifiedMemoryPerf.exp
  UnifiedMemoryPerf_vs2022.vcxproj -> D:\cuda-samples-master\cuda-samples-master\bin\win64\Debug\UnifiedMemoryPerf.exe
