c:\users\yoavo\documents\github\cudheart\cudheart\cudheart\x64\debug\vc143.pdb
c:\users\yoavo\documents\github\cudheart\cudheart\cudheart\x64\debug\vc143.idb
c:\users\yoavo\documents\github\cudheart\cudheart\cudheart\x64\debug\main.obj
c:\users\yoavo\documents\github\cudheart\cudheart\cudheart\x64\debug\cudheart.obj
c:\users\yoavo\documents\github\cudheart\cudheart\cudheart\x64\debug\vector.obj
c:\users\yoavo\documents\github\cudheart\cudheart\cudheart\x64\debug\arrays.obj
c:\users\yoavo\documents\github\cudheart\cudheart\cudheart\x64\debug\test.obj
c:\users\yoavo\documents\github\cudheart\cudheart\cudheart\x64\debug\dtype.obj
c:\users\yoavo\documents\github\cudheart\cudheart\cudheart\x64\debug\dint.obj
c:\users\yoavo\documents\github\cudheart\cudheart\cudheart\x64\debug\arrayops.obj
c:\users\yoavo\documents\github\cudheart\cudheart\cudheart\x64\debug\cudheart.exe
c:\users\yoavo\documents\github\cudheart\cudheart\cudheart\x64\debug\cudheart.ilk
c:\users\yoavo\documents\github\cudheart\cudheart\cudheart\x64\debug\cudheart.pdb
c:\users\yoavo\documents\github\cudheart\cudheart\cudheart\x64\debug\vectorint.obj
c:\users\yoavo\documents\github\cudheart\cudheart\cudheart\x64\debug\arrays.nativecodeanalysis.xml
c:\users\yoavo\documents\github\cudheart\cudheart\cudheart\x64\debug\cudheart.nativecodeanalysis.xml
c:\users\yoavo\documents\github\cudheart\cudheart\cudheart\x64\debug\main.nativecodeanalysis.xml
c:\users\yoavo\documents\github\cudheart\cudheart\cudheart\x64\debug\test.nativecodeanalysis.xml
c:\users\yoavo\documents\github\cudheart\cudheart\cudheart\x64\debug\vector.nativecodeanalysis.xml
c:\users\yoavo\documents\github\cudheart\cudheart\cudheart\x64\debug\cudheart.tlog\cl.command.1.tlog
c:\users\yoavo\documents\github\cudheart\cudheart\cudheart\x64\debug\cudheart.tlog\cl.read.1.tlog
c:\users\yoavo\documents\github\cudheart\cudheart\cudheart\x64\debug\cudheart.tlog\cl.write.1.tlog
c:\users\yoavo\documents\github\cudheart\cudheart\cudheart\x64\debug\cudheart.tlog\link.command.1.tlog
c:\users\yoavo\documents\github\cudheart\cudheart\cudheart\x64\debug\cudheart.tlog\link.read.1.tlog
c:\users\yoavo\documents\github\cudheart\cudheart\cudheart\x64\debug\cudheart.tlog\link.write.1.tlog
